26-Nov-2024 13:38:40.695 INFO [main] org.apache.catalina.startup.VersionLoggerListener.log Nombre de la versión del servidor: Apache Tomcat/11.0.1
26-Nov-2024 13:38:40.699 INFO [main] org.apache.catalina.startup.VersionLoggerListener.log Server built:                      Nov 6 2024 19:08:24 UTC
26-Nov-2024 13:38:40.699 INFO [main] org.apache.catalina.startup.VersionLoggerListener.log Número de versión de servidor:     11.0.1.0
26-Nov-2024 13:38:40.699 INFO [main] org.apache.catalina.startup.VersionLoggerListener.log OS Name:                           Windows 11
26-Nov-2024 13:38:40.699 INFO [main] org.apache.catalina.startup.VersionLoggerListener.log Versión de Systema Operativo:      10.0
26-Nov-2024 13:38:40.699 INFO [main] org.apache.catalina.startup.VersionLoggerListener.log Arquitectura:                      amd64
26-Nov-2024 13:38:40.699 INFO [main] org.apache.catalina.startup.VersionLoggerListener.log Java Home:                         C:\Program Files\Java\jdk-23
26-Nov-2024 13:38:40.700 INFO [main] org.apache.catalina.startup.VersionLoggerListener.log JVM Version:                       23.0.1+11-39
26-Nov-2024 13:38:40.700 INFO [main] org.apache.catalina.startup.VersionLoggerListener.log Vededor JVM:                       Oracle Corporation
26-Nov-2024 13:38:40.700 INFO [main] org.apache.catalina.startup.VersionLoggerListener.log CATALINA_BASE:                     C:\Users\paolo\OneDrive\Documents\Github\organico.cafeteria.final\sistemacafeteria\Librerías\apache-tomcat-11.0.1
26-Nov-2024 13:38:40.700 INFO [main] org.apache.catalina.startup.VersionLoggerListener.log CATALINA_HOME:                     C:\Users\paolo\OneDrive\Documents\Github\organico.cafeteria.final\sistemacafeteria\Librerías\apache-tomcat-11.0.1
26-Nov-2024 13:38:40.709 INFO [main] org.apache.catalina.startup.VersionLoggerListener.log Command line argument:             -Djava.util.logging.config.file=C:\Users\paolo\OneDrive\Documents\Github\organico.cafeteria.final\sistemacafeteria\Librerías\apache-tomcat-11.0.1\conf\logging.properties
26-Nov-2024 13:38:40.709 INFO [main] org.apache.catalina.startup.VersionLoggerListener.log Command line argument:             -Djava.util.logging.manager=org.apache.juli.ClassLoaderLogManager
26-Nov-2024 13:38:40.710 INFO [main] org.apache.catalina.startup.VersionLoggerListener.log Command line argument:             -Djdk.tls.ephemeralDHKeySize=2048
26-Nov-2024 13:38:40.710 INFO [main] org.apache.catalina.startup.VersionLoggerListener.log Command line argument:             --add-opens=java.base/java.lang=ALL-UNNAMED
26-Nov-2024 13:38:40.710 INFO [main] org.apache.catalina.startup.VersionLoggerListener.log Command line argument:             --add-opens=java.base/java.io=ALL-UNNAMED
26-Nov-2024 13:38:40.710 INFO [main] org.apache.catalina.startup.VersionLoggerListener.log Command line argument:             --add-opens=java.base/java.util=ALL-UNNAMED
26-Nov-2024 13:38:40.710 INFO [main] org.apache.catalina.startup.VersionLoggerListener.log Command line argument:             --add-opens=java.base/java.util.concurrent=ALL-UNNAMED
26-Nov-2024 13:38:40.710 INFO [main] org.apache.catalina.startup.VersionLoggerListener.log Command line argument:             --add-opens=java.rmi/sun.rmi.transport=ALL-UNNAMED
26-Nov-2024 13:38:40.710 INFO [main] org.apache.catalina.startup.VersionLoggerListener.log Command line argument:             --enable-native-access=ALL-UNNAMED
26-Nov-2024 13:38:40.710 INFO [main] org.apache.catalina.startup.VersionLoggerListener.log Command line argument:             -Dcatalina.base=C:\Users\paolo\OneDrive\Documents\Github\organico.cafeteria.final\sistemacafeteria\Librerías\apache-tomcat-11.0.1
26-Nov-2024 13:38:40.710 INFO [main] org.apache.catalina.startup.VersionLoggerListener.log Command line argument:             -Dcatalina.home=C:\Users\paolo\OneDrive\Documents\Github\organico.cafeteria.final\sistemacafeteria\Librerías\apache-tomcat-11.0.1
26-Nov-2024 13:38:40.710 INFO [main] org.apache.catalina.startup.VersionLoggerListener.log Command line argument:             -Djava.io.tmpdir=C:\Users\paolo\OneDrive\Documents\Github\organico.cafeteria.final\sistemacafeteria\Librerías\apache-tomcat-11.0.1\temp
26-Nov-2024 13:38:40.800 INFO [main] org.apache.catalina.core.AprLifecycleListener.lifecycleEvent La biblioteca nativa de Apache Tomcat basada en ARP que permite un rendimiento óptimo en entornos de desarrollo no ha sido hallada en java.library.path: [C:\Program Files\Java\jdk-23\bin;C:\WINDOWS\Sun\Java\bin;C:\WINDOWS\system32;C:\WINDOWS;C:\Program Files\Common Files\Oracle\Java\javapath;C:\WINDOWS\system32;C:\WINDOWS;C:\WINDOWS\System32\Wbem;C:\WINDOWS\System32\WindowsPowerShell\v1.0\;C:\WINDOWS\System32\OpenSSH\;C:\Program Files\NVIDIA Corporation\NVIDIA NvDLISR;C:\Users\paolo\AppData\Local\Microsoft\WindowsApps;C:\Users\paolo\AppData\Local\GitHubDesktop\bin;C:\Users\paolo\AppData\Local\Programs\Microsoft VS Code\bin;.]
26-Nov-2024 13:38:41.195 INFO [main] org.apache.coyote.AbstractProtocol.init Inicializando el manejador de protocolo ["http-nio-8080"]

26-Nov-2024 13:38:41.219 INFO [main] org.apache.catalina.startup.Catalina.load Server initialization in [761] milliseconds
26-Nov-2024 13:38:41.269 INFO [main] org.apache.catalina.core.StandardService.startInternal Arrancando servicio [Catalina]
26-Nov-2024 13:38:41.269 INFO [main] org.apache.catalina.core.StandardEngine.startInternal Starting Servlet engine: [Apache Tomcat/11.0.1]
26-Nov-2024 13:38:41.280 INFO [main] org.apache.catalina.startup.HostConfig.deployDirectory Desplegando el directorio [C:\Users\paolo\OneDrive\Documents\Github\organico.cafeteria.final\sistemacafeteria\Librerías\apache-tomcat-11.0.1\webapps\docs] de la aplicación web
26-Nov-2024 13:38:41.598 INFO [main] org.apache.catalina.startup.HostConfig.deployDirectory Deployment of web application directory [C:\Users\paolo\OneDrive\Documents\Github\organico.cafeteria.final\sistemacafeteria\Librerías\apache-tomcat-11.0.1\webapps\docs] has finished in [316] ms
26-Nov-2024 13:38:41.599 INFO [main] org.apache.catalina.startup.HostConfig.deployDirectory Desplegando el directorio [C:\Users\paolo\OneDrive\Documents\Github\organico.cafeteria.final\sistemacafeteria\Librerías\apache-tomcat-11.0.1\webapps\examples] de la aplicación web
26-Nov-2024 13:38:42.149 INFO [main] org.apache.catalina.startup.HostConfig.deployDirectory Deployment of web application directory [C:\Users\paolo\OneDrive\Documents\Github\organico.cafeteria.final\sistemacafeteria\Librerías\apache-tomcat-11.0.1\webapps\examples] has finished in [550] ms
26-Nov-2024 13:38:42.150 INFO [main] org.apache.catalina.startup.HostConfig.deployDirectory Desplegando el directorio [C:\Users\paolo\OneDrive\Documents\Github\organico.cafeteria.final\sistemacafeteria\Librerías\apache-tomcat-11.0.1\webapps\host-manager] de la aplicación web
26-Nov-2024 13:38:42.219 INFO [main] org.apache.catalina.startup.HostConfig.deployDirectory Deployment of web application directory [C:\Users\paolo\OneDrive\Documents\Github\organico.cafeteria.final\sistemacafeteria\Librerías\apache-tomcat-11.0.1\webapps\host-manager] has finished in [70] ms
26-Nov-2024 13:38:42.219 INFO [main] org.apache.catalina.startup.HostConfig.deployDirectory Desplegando el directorio [C:\Users\paolo\OneDrive\Documents\Github\organico.cafeteria.final\sistemacafeteria\Librerías\apache-tomcat-11.0.1\webapps\manager] de la aplicación web
26-Nov-2024 13:38:42.266 INFO [main] org.apache.catalina.startup.HostConfig.deployDirectory Deployment of web application directory [C:\Users\paolo\OneDrive\Documents\Github\organico.cafeteria.final\sistemacafeteria\Librerías\apache-tomcat-11.0.1\webapps\manager] has finished in [46] ms
26-Nov-2024 13:38:42.266 INFO [main] org.apache.catalina.startup.HostConfig.deployDirectory Desplegando el directorio [C:\Users\paolo\OneDrive\Documents\Github\organico.cafeteria.final\sistemacafeteria\Librerías\apache-tomcat-11.0.1\webapps\ROOT] de la aplicación web
26-Nov-2024 13:38:42.299 INFO [main] org.apache.catalina.startup.HostConfig.deployDirectory Deployment of web application directory [C:\Users\paolo\OneDrive\Documents\Github\organico.cafeteria.final\sistemacafeteria\Librerías\apache-tomcat-11.0.1\webapps\ROOT] has finished in [33] ms
26-Nov-2024 13:38:42.304 INFO [main] org.apache.coyote.AbstractProtocol.start Starting ProtocolHandler ["http-nio-8080"]
26-Nov-2024 13:38:42.327 INFO [main] org.apache.catalina.startup.Catalina.start Server startup in [1104] milliseconds
26-Nov-2024 13:38:44.536 INFO [http-nio-8080-exec-1] org.apache.catalina.startup.HostConfig.deployDescriptor Desplieque del descriptor de configuración [C:\Users\paolo\OneDrive\Documents\Github\organico.cafeteria.final\sistemacafeteria\Librerías\apache-tomcat-11.0.1\conf\Catalina\localhost\sistemacafeteria.xml]
26-Nov-2024 13:38:44.538 WARNING [http-nio-8080-exec-1] org.apache.catalina.startup.HostConfig.deployDescriptor The path attribute with value [/sistemacafeteria] in deployment descriptor [C:\Users\paolo\OneDrive\Documents\Github\organico.cafeteria.final\sistemacafeteria\Librerías\apache-tomcat-11.0.1\conf\Catalina\localhost\sistemacafeteria.xml] has been ignored
26-Nov-2024 13:38:44.596 INFO [http-nio-8080-exec-1] org.apache.catalina.startup.HostConfig.deployDescriptor Deployment of deployment descriptor [C:\Users\paolo\OneDrive\Documents\Github\organico.cafeteria.final\sistemacafeteria\Librerías\apache-tomcat-11.0.1\conf\Catalina\localhost\sistemacafeteria.xml] has finished in [60] ms
26-Nov-2024 13:38:44.599 INFO [http-nio-8080-exec-2] org.apache.catalina.util.LifecycleBase.start The start() method was called on component [StandardEngine[Catalina].StandardHost[localhost].StandardContext[/sistemacafeteria]] after start() had already been called. The second call will be ignored.
